\BOOKMARK [0][-]{chapter.1}{Planteamiento y Justificaci\363n del Tema}{}
\BOOKMARK [1][-]{section.1.1}{Contexto y Motivaci\363n}{chapter.1}
\BOOKMARK [1][-]{section.1.2}{Definici\363n del Problema}{chapter.1}
\BOOKMARK [1][-]{section.1.3}{Objetivos}{chapter.1}
\BOOKMARK [2][-]{subsection.1.3.1}{Objetivo General}{section.1.3}
\BOOKMARK [2][-]{subsection.1.3.2}{Objetivos Espec\355ficos}{section.1.3}
\BOOKMARK [1][-]{section.1.4}{Organizaci\363n de la tesis}{chapter.1}
\BOOKMARK [2][-]{subsection.1.4.1}{Cap\355tulo 2 Estado del Arte}{section.1.4}
\BOOKMARK [2][-]{subsection.1.4.2}{Cap\355tulo 3 Marco Te\363rico}{section.1.4}
\BOOKMARK [2][-]{subsection.1.4.3}{Cap\355tulo 4 Propuesta}{section.1.4}
\BOOKMARK [2][-]{subsection.1.4.4}{Cap\355tulo 5 Evaluaci\363n}{section.1.4}
\BOOKMARK [2][-]{subsection.1.4.5}{Cap\355tulo 6 Conclusiones y Recomendaciones}{section.1.4}
\BOOKMARK [0][-]{chapter.2}{Estado del Arte}{}
\BOOKMARK [1][-]{section.2.1}{Sistemas de Visi\363n Global de una C\341mara}{chapter.2}
\BOOKMARK [1][-]{section.2.2}{Seguimiento de Objetos }{chapter.2}
\BOOKMARK [0][-]{chapter.3}{Marco Te\363rico}{}
\BOOKMARK [1][-]{section.3.1}{Rob\363tica}{chapter.3}
\BOOKMARK [2][-]{subsection.3.1.1}{Breve recorrido por la historia de la Rob\363tica}{section.3.1}
\BOOKMARK [2][-]{subsection.3.1.2}{Definicion de Rob\363tica y Sistema Rob\363tico}{section.3.1}
\BOOKMARK [1][-]{section.3.2}{Redes Neuronales}{chapter.3}
\BOOKMARK [1][-]{section.3.3}{Procesamiento de Im\341genes}{chapter.3}
\BOOKMARK [0][-]{chapter.4}{Propuesta}{}
\BOOKMARK [1][-]{section.4.1}{Sistema de Visi\363n}{chapter.4}
\BOOKMARK [1][-]{section.4.2}{Seguimiento del Objeto}{chapter.4}
\BOOKMARK [0][-]{chapter.5}{Evaluaci\363n}{}
\BOOKMARK [1][-]{section.5.1}{Sistema de Visi\363n}{chapter.5}
\BOOKMARK [1][-]{section.5.2}{Seguimiento del Objeto}{chapter.5}
\BOOKMARK [0][-]{chapter.6}{Conclusiones}{}
