This is pdfTeX, Version 3.1415926-1.40.10 (TeX Live 2009/Debian) (format=pdflatex 2013.11.3)  2 MAY 2014 00:02
entering extended mode
 %&-line parsing enabled.
**titlepage.tex
(./titlepage.tex
LaTeX2e <2009/09/24>
Babel <v3.8l> and hyphenation patterns for english, usenglishmax, dumylang, noh
yphenation, loaded.

! LaTeX Error: Environment titlepage undefined.

See the LaTeX manual or LaTeX Companion for explanation.
Type  H <return>  for immediate help.
 ...                                              
                                                  
l.40 \begin{titlepage}
                      
Your command was ignored.
Type  I <command> <return>  to replace it with another command,
or  <return>  to continue without it.

! Undefined control sequence.
l.41   \TitleBlock
                  {\scshape\insertinstitution}
The control sequence at the end of the top line
of your error message was never \def'ed. If you have
misspelled it (e.g., `\hobx'), type `I' and the correct
spelling (e.g., `I\hbox'). Otherwise just continue,
and I'll forget about whatever was undefined.

! Undefined control sequence.
l.41   \TitleBlock{\scshape\insertinstitution
                                             }
The control sequence at the end of the top line
of your error message was never \def'ed. If you have
misspelled it (e.g., `\hobx'), type `I' and the correct
spelling (e.g., `I\hbox'). Otherwise just continue,
and I'll forget about whatever was undefined.

! Undefined control sequence.
l.42   \TitleBlock
                  [\bigskip]{\scshape\insertfaculty}
The control sequence at the end of the top line
of your error message was never \def'ed. If you have
misspelled it (e.g., `\hobx'), type `I' and the correct
spelling (e.g., `I\hbox'). Otherwise just continue,
and I'll forget about whatever was undefined.


! LaTeX Error: Missing \begin{document}.

See the LaTeX manual or LaTeX Companion for explanation.
Type  H <return>  for immediate help.
 ...                                              
                                                  
l.42   \TitleBlock[
                   \bigskip]{\scshape\insertfaculty}
You're in trouble here.  Try typing  <return>  to proceed.
If that doesn't work, type  X <return>  to quit.

Missing character: There is no [ in font nullfont!
Missing character: There is no ] in font nullfont!
! Undefined control sequence.
l.42 ...itleBlock[\bigskip]{\scshape\insertfaculty
                                                  }
The control sequence at the end of the top line
of your error message was never \def'ed. If you have
misspelled it (e.g., `\hobx'), type `I' and the correct
spelling (e.g., `I\hbox'). Otherwise just continue,
and I'll forget about whatever was undefined.

! Undefined control sequence.
l.43   \TitleBlock
                  {\Huge\scshape\inserttitle}
The control sequence at the end of the top line
of your error message was never \def'ed. If you have
misspelled it (e.g., `\hobx'), type `I' and the correct
spelling (e.g., `I\hbox'). Otherwise just continue,
and I'll forget about whatever was undefined.

! Undefined control sequence.
l.43   \TitleBlock{\Huge
                        \scshape\inserttitle}
The control sequence at the end of the top line
of your error message was never \def'ed. If you have
misspelled it (e.g., `\hobx'), type `I' and the correct
spelling (e.g., `I\hbox'). Otherwise just continue,
and I'll forget about whatever was undefined.

! Undefined control sequence.
l.43   \TitleBlock{\Huge\scshape\inserttitle
                                            }
The control sequence at the end of the top line
of your error message was never \def'ed. If you have
misspelled it (e.g., `\hobx'), type `I' and the correct
spelling (e.g., `I\hbox'). Otherwise just continue,
and I'll forget about whatever was undefined.

! Undefined control sequence.
l.44   \TitleBlock
                  {\scshape
The control sequence at the end of the top line
of your error message was never \def'ed. If you have
misspelled it (e.g., `\hobx'), type `I' and the correct
spelling (e.g., `I\hbox'). Otherwise just continue,
and I'll forget about whatever was undefined.

! Undefined control sequence.
<recently read> \insertauthor 
                              
l.45 ... de Tesis Presentado por: \\ \insertauthor
                                                   \\}
The control sequence at the end of the top line
of your error message was never \def'ed. If you have
misspelled it (e.g., `\hobx'), type `I' and the correct
spelling (e.g., `I\hbox'). Otherwise just continue,
and I'll forget about whatever was undefined.

! Undefined control sequence.
l.47   \TitleBlock
                  {\insertsubmitdate}
The control sequence at the end of the top line
of your error message was never \def'ed. If you have
misspelled it (e.g., `\hobx'), type `I' and the correct
spelling (e.g., `I\hbox'). Otherwise just continue,
and I'll forget about whatever was undefined.

! Undefined control sequence.
l.47   \TitleBlock{\insertsubmitdate
                                    }
The control sequence at the end of the top line
of your error message was never \def'ed. If you have
misspelled it (e.g., `\hobx'), type `I' and the correct
spelling (e.g., `I\hbox'). Otherwise just continue,
and I'll forget about whatever was undefined.

! Undefined control sequence.
l.48   \TitleBlock
                  [\bigskip]{\insertdepartment}
The control sequence at the end of the top line
of your error message was never \def'ed. If you have
misspelled it (e.g., `\hobx'), type `I' and the correct
spelling (e.g., `I\hbox'). Otherwise just continue,
and I'll forget about whatever was undefined.

Missing character: There is no [ in font nullfont!
Missing character: There is no ] in font nullfont!
! Undefined control sequence.
l.48   \TitleBlock[\bigskip]{\insertdepartment
                                              }
The control sequence at the end of the top line
of your error message was never \def'ed. If you have
misspelled it (e.g., `\hobx'), type `I' and the correct
spelling (e.g., `I\hbox'). Otherwise just continue,
and I'll forget about whatever was undefined.


! LaTeX Error: \begin{document} ended by \end{titlepage}.

See the LaTeX manual or LaTeX Companion for explanation.
Type  H <return>  for immediate help.
 ...                                              
                                                  
l.49 \end{titlepage}
                    
Your command was ignored.
Type  I <command> <return>  to replace it with another command,
or  <return>  to continue without it.


Overfull \hbox (20.0pt too wide) in paragraph at lines 42--50
[]
 []


Overfull \hbox (23.7943pt too wide) in paragraph at lines 42--50
\OT1/cmr/m/sc/10 Tra-
 []


Overfull \hbox (22.53326pt too wide) in paragraph at lines 42--50
\OT1/cmr/m/sc/10 bajo
 []


Overfull \hbox (11.82217pt too wide) in paragraph at lines 42--50
\OT1/cmr/m/sc/10 de
 []


Overfull \hbox (30.94984pt too wide) in paragraph at lines 42--50
\OT1/cmr/m/sc/10 Curso
 []


Overfull \hbox (49.23859pt too wide) in paragraph at lines 42--50
\OT1/cmr/m/sc/10 Proyecto
 []


Overfull \hbox (11.82217pt too wide) in paragraph at lines 42--50
\OT1/cmr/m/sc/10 de
 []


Overfull \hbox (25.6165pt too wide) in paragraph at lines 42--50
\OT1/cmr/m/sc/10 Tesis
 []


Overfull \hbox (22.79427pt too wide) in paragraph at lines 42--50
\OT1/cmr/m/sc/10 Pre-
 []


Overfull \hbox (20.06656pt too wide) in paragraph at lines 42--50
\OT1/cmr/m/sc/10 sen-
 []


Overfull \hbox (23.97766pt too wide) in paragraph at lines 42--50
\OT1/cmr/m/sc/10 tado
 []


Overfull \hbox (21.14987pt too wide) in paragraph at lines 42--50
\OT1/cmr/m/sc/10 por: 
 []

)
! Emergency stop.
<*> titlepage.tex
                 
*** (job aborted, no legal \end found)

 
Here is how much of TeX's memory you used:
 11 strings out of 495061
 200 string characters out of 1182621
 45108 words of memory out of 3000000
 3287 multiletter control sequences out of 15000+50000
 3941 words of font info for 15 fonts, out of 3000000 for 9000
 28 hyphenation exceptions out of 8191
 12i,1n,9p,95b,71s stack positions out of 5000i,500n,10000p,200000b,50000s
!  ==> Fatal error occurred, no output PDF file produced!
