This is pdfTeX, Version 3.1415926-1.40.10 (TeX Live 2009/Debian) (format=pdflatex 2013.11.3)  5 MAY 2014 07:38
entering extended mode
 %&-line parsing enabled.
**lepaper.tex
(./lepaper.tex
LaTeX2e <2009/09/24>
Babel <v3.8l> and hyphenation patterns for english, usenglishmax, dumylang, noh
yphenation, loaded.
(./IEEEtran.cls
Document Class: IEEEtran 2012/11/21 V1.8c by Harald Hanche-Olsen and Anders Chr
istensen
-- Based on V1.7a by Michael Shell
-- See the "IEEEtran_HOWTO" manual for usage information.
-- http://www.michaelshell.org/tex/ieeetran/
\@IEEEtrantmpdimenA=\dimen102
\@IEEEtrantmpdimenB=\dimen103
\@IEEEtrantmpcountA=\count79
\@IEEEtrantmpcountB=\count80
\@IEEEtrantmptoksA=\toks14
LaTeX Font Info:    Try loading font information for OT1+ptm on input line 373.

(/usr/share/texmf-texlive/tex/latex/psnfss/ot1ptm.fd
File: ot1ptm.fd 2001/06/04 font definitions for OT1/ptm.
)
-- Using 8.5in x 11in (letter) paper.
-- Using PDF output.
\@IEEEnormalsizeunitybaselineskip=\dimen104
-- This is a 10 point document.
\CLASSINFOnormalsizebaselineskip=\dimen105
\CLASSINFOnormalsizeunitybaselineskip=\dimen106
\IEEEnormaljot=\dimen107
LaTeX Font Info:    Font shape `OT1/ptm/bx/n' in size <5> not available
(Font)              Font shape `OT1/ptm/b/n' tried instead on input line 731.
LaTeX Font Info:    Font shape `OT1/ptm/bx/it' in size <5> not available
(Font)              Font shape `OT1/ptm/b/it' tried instead on input line 731.
LaTeX Font Info:    Font shape `OT1/ptm/bx/n' in size <7> not available
(Font)              Font shape `OT1/ptm/b/n' tried instead on input line 731.
LaTeX Font Info:    Font shape `OT1/ptm/bx/it' in size <7> not available
(Font)              Font shape `OT1/ptm/b/it' tried instead on input line 731.
LaTeX Font Info:    Font shape `OT1/ptm/bx/n' in size <8> not available
(Font)              Font shape `OT1/ptm/b/n' tried instead on input line 731.
LaTeX Font Info:    Font shape `OT1/ptm/bx/it' in size <8> not available
(Font)              Font shape `OT1/ptm/b/it' tried instead on input line 731.
LaTeX Font Info:    Font shape `OT1/ptm/bx/n' in size <9> not available
(Font)              Font shape `OT1/ptm/b/n' tried instead on input line 731.
LaTeX Font Info:    Font shape `OT1/ptm/bx/it' in size <9> not available
(Font)              Font shape `OT1/ptm/b/it' tried instead on input line 731.
LaTeX Font Info:    Font shape `OT1/ptm/bx/n' in size <10> not available
(Font)              Font shape `OT1/ptm/b/n' tried instead on input line 731.
LaTeX Font Info:    Font shape `OT1/ptm/bx/it' in size <10> not available
(Font)              Font shape `OT1/ptm/b/it' tried instead on input line 731.
LaTeX Font Info:    Font shape `OT1/ptm/bx/n' in size <11> not available
(Font)              Font shape `OT1/ptm/b/n' tried instead on input line 731.
LaTeX Font Info:    Font shape `OT1/ptm/bx/it' in size <11> not available
(Font)              Font shape `OT1/ptm/b/it' tried instead on input line 731.
LaTeX Font Info:    Font shape `OT1/ptm/bx/n' in size <12> not available
(Font)              Font shape `OT1/ptm/b/n' tried instead on input line 731.
LaTeX Font Info:    Font shape `OT1/ptm/bx/it' in size <12> not available
(Font)              Font shape `OT1/ptm/b/it' tried instead on input line 731.
LaTeX Font Info:    Font shape `OT1/ptm/bx/n' in size <17> not available
(Font)              Font shape `OT1/ptm/b/n' tried instead on input line 731.
LaTeX Font Info:    Font shape `OT1/ptm/bx/it' in size <17> not available
(Font)              Font shape `OT1/ptm/b/it' tried instead on input line 731.
LaTeX Font Info:    Font shape `OT1/ptm/bx/n' in size <20> not available
(Font)              Font shape `OT1/ptm/b/n' tried instead on input line 731.
LaTeX Font Info:    Font shape `OT1/ptm/bx/it' in size <20> not available
(Font)              Font shape `OT1/ptm/b/it' tried instead on input line 731.
LaTeX Font Info:    Font shape `OT1/ptm/bx/n' in size <24> not available
(Font)              Font shape `OT1/ptm/b/n' tried instead on input line 731.
LaTeX Font Info:    Font shape `OT1/ptm/bx/it' in size <24> not available
(Font)              Font shape `OT1/ptm/b/it' tried instead on input line 731.
\IEEEilabelindentA=\dimen108
\IEEEilabelindentB=\dimen109
\IEEEilabelindent=\dimen110
\IEEEelabelindent=\dimen111
\IEEEdlabelindent=\dimen112
\IEEElabelindent=\dimen113
\IEEEiednormlabelsep=\dimen114
\IEEEiedmathlabelsep=\dimen115
\IEEEiedtopsep=\skip41
\c@section=\count81
\c@subsection=\count82
\c@subsubsection=\count83
\c@paragraph=\count84
\c@IEEEsubequation=\count85
\abovecaptionskip=\skip42
\belowcaptionskip=\skip43
\c@figure=\count86
\c@table=\count87
\@IEEEeqnnumcols=\count88
\@IEEEeqncolcnt=\count89
\@IEEEtmpitemindent=\dimen116
\c@IEEEbiography=\count90
\@IEEEtranrubishbin=\box26
) (/usr/share/texmf-texlive/tex/latex/graphics/graphicx.sty
Package: graphicx 1999/02/16 v1.0f Enhanced LaTeX Graphics (DPC,SPQR)

(/usr/share/texmf-texlive/tex/latex/graphics/keyval.sty
Package: keyval 1999/03/16 v1.13 key=value parser (DPC)
\KV@toks@=\toks15
)
(/usr/share/texmf-texlive/tex/latex/graphics/graphics.sty
Package: graphics 2009/02/05 v1.0o Standard LaTeX Graphics (DPC,SPQR)

(/usr/share/texmf-texlive/tex/latex/graphics/trig.sty
Package: trig 1999/03/16 v1.09 sin cos tan (DPC)
)
(/etc/texmf/tex/latex/config/graphics.cfg
File: graphics.cfg 2009/08/28 v1.8 graphics configuration of TeX Live
)
Package graphics Info: Driver file: pdftex.def on input line 91.

(/usr/share/texmf-texlive/tex/latex/pdftex-def/pdftex.def
File: pdftex.def 2010/03/12 v0.04p Graphics/color for pdfTeX
\Gread@gobject=\count91
))
\Gin@req@height=\dimen117
\Gin@req@width=\dimen118
) (./lepaper.aux)
\openout1 = `lepaper.aux'.

LaTeX Font Info:    Checking defaults for OML/cmm/m/it on input line 351.
LaTeX Font Info:    ... okay on input line 351.
LaTeX Font Info:    Checking defaults for T1/cmr/m/n on input line 351.
LaTeX Font Info:    ... okay on input line 351.
LaTeX Font Info:    Checking defaults for OT1/cmr/m/n on input line 351.
LaTeX Font Info:    ... okay on input line 351.
LaTeX Font Info:    Checking defaults for OMS/cmsy/m/n on input line 351.
LaTeX Font Info:    ... okay on input line 351.
LaTeX Font Info:    Checking defaults for OMX/cmex/m/n on input line 351.
LaTeX Font Info:    ... okay on input line 351.
LaTeX Font Info:    Checking defaults for U/cmr/m/n on input line 351.
LaTeX Font Info:    ... okay on input line 351.

(/usr/share/texmf-texlive/tex/context/base/supp-pdf.mkii
[Loading MPS to PDF converter (version 2006.09.02).]
\scratchcounter=\count92
\scratchdimen=\dimen119
\scratchbox=\box27
\nofMPsegments=\count93
\nofMParguments=\count94
\everyMPshowfont=\toks16
\MPscratchCnt=\count95
\MPscratchDim=\dimen120
\MPnumerator=\count96
\everyMPtoPDFconversion=\toks17
)
Underfull \hbox (badness 1902) in paragraph at lines 447--450
\OT1/ptm/m/n/10 de tra-bajo, ser[]^^Pa mejor lla-mada es-pa-cio in-teligente. U
n
 []


Underfull \hbox (badness 10000) in paragraph at lines 447--450

 []


Underfull \hbox (badness 10000) in paragraph at lines 451--452

 []

LaTeX Font Info:    External font `cmex10' loaded for size
(Font)              <7> on input line 472.
LaTeX Font Info:    External font `cmex10' loaded for size
(Font)              <5> on input line 472.

Underfull \hbox (badness 4872) in paragraph at lines 484--488
\OT1/ptm/m/n/10 per-mite es-table-cer par[]ametros intr[]^^Pnsecos y extr[]^^Pn
secos
 []


Underfull \hbox (badness 1430) in paragraph at lines 484--488
\OT1/ptm/m/n/10 (in-ter-nos y ex-ter-nos) para que el fun-cionamiento de la
 []


Underfull \hbox (badness 1997) in paragraph at lines 484--488
\OT1/ptm/m/n/10 de-seado. Por ejem-plo el sis-tema RoboRoos el cual es
 []


Underfull \hbox (badness 10000) in paragraph at lines 484--488

 []

[1{/var/lib/texmf/fonts/map/pdftex/updmap/pdftex.map}


]
Underfull \hbox (badness 10000) in paragraph at lines 491--492

 []


Underfull \hbox (badness 1460) in paragraph at lines 493--498
\OT1/ptm/m/n/10 del fore-ground, se pueden uti-lizar his-togra-mas de color
 []


Underfull \hbox (badness 4634) in paragraph at lines 493--498
\OT1/ptm/m/n/10 (Color-Based Mul-ti-ple Agent Track-ing), este al-go-ritmo
 []


Underfull \hbox (badness 4713) in paragraph at lines 493--498
\OT1/ptm/m/n/10 seguimiento.Por ejem-plo las ca-ma-ras Firewire, basadas
 []


Underfull \hbox (badness 10000) in paragraph at lines 493--498

 []



pdfTeX warning: pdflatex (file ./imagen3.pdf): PDF inclusion: found PDF version
 <1.5>, but at most version <1.4> allowed
<imagen3.pdf, id=10, 449.68pt x 144.54pt>
File: imagen3.pdf Graphic file (type pdf)
 <use imagen3.pdf>
Underfull \hbox (badness 2080) in paragraph at lines 584--593
\OT1/ptm/m/n/10 La defini-cion de robot-ica es la cien-cia de es-tu-dio de
 []


Underfull \hbox (badness 4699) in paragraph at lines 584--593
\OT1/ptm/m/n/10 la conexi[]on in-teligente en-tre la per-cep-cion y ac-cion.
 []

[2]

pdfTeX warning: pdflatex (file ./imagen4.pdf): PDF inclusion: found PDF version
 <1.5>, but at most version <1.4> allowed
<imagen4.pdf, id=17, 597.50786pt x 260.975pt>
File: imagen4.pdf Graphic file (type pdf)
 <use imagen4.pdf>

pdfTeX warning: pdflatex (file ./imagen5.pdf): PDF inclusion: found PDF version
 <1.5>, but at most version <1.4> allowed
<imagen5.pdf, id=19, 702.625pt x 68.255pt>
File: imagen5.pdf Graphic file (type pdf)
 <use imagen5.pdf>

pdfTeX warning: pdflatex (file ./esquema.pdf): PDF inclusion: found PDF version
 <1.5>, but at most version <1.4> allowed
<esquema.pdf, id=21, 529.98pt x 144.54pt>
File: esquema.pdf Graphic file (type pdf)
 <use esquema.pdf>

pdfTeX warning: pdflatex (file ./imagen1.pdf): PDF inclusion: found PDF version
 <1.5>, but at most version <1.4> allowed
<imagen1.pdf, id=23, 385.44pt x 385.44pt>
File: imagen1.pdf Graphic file (type pdf)
 <use imagen1.pdf>

LaTeX Warning: Reference `fig_cir' on page 3 undefined on input line 647.

[3 <./imagen3.pdf> <./imagen4.pdf> <./imagen5.pdf> <./esquema.pdf>]

pdfTeX warning: pdflatex (file ./imagen2.pdf): PDF inclusion: found PDF version
 <1.5>, but at most version <1.4> allowed
<imagen2.pdf, id=58, 385.44pt x 385.44pt>
File: imagen2.pdf Graphic file (type pdf)
 <use imagen2.pdf>

pdfTeX warning: pdflatex (file ./RBF.pdf): PDF inclusion: found PDF version <1.
5>, but at most version <1.4> allowed
<RBF.pdf, id=60, 855.99799pt x 362.95601pt>
File: RBF.pdf Graphic file (type pdf)
 <use RBF.pdf>

pdfTeX warning: pdflatex (file ./eq1.pdf): PDF inclusion: found PDF version <1.
5>, but at most version <1.4> allowed
<eq1.pdf, id=62, 908.193pt x 157.388pt>
File: eq1.pdf Graphic file (type pdf)
 <use eq1.pdf>
LaTeX Font Info:    External font `cmex10' loaded for size
(Font)              <8> on input line 690.
LaTeX Font Info:    External font `cmex10' loaded for size
(Font)              <6> on input line 690.


pdfTeX warning: pdflatex (file ./eq2.pdf): PDF inclusion: found PDF version <1.
5>, but at most version <1.4> allowed
<eq2.pdf, id=64, 932.28299pt x 117.238pt>
File: eq2.pdf Graphic file (type pdf)
 <use eq2.pdf>

pdfTeX warning: pdflatex (file ./visi.pdf): PDF inclusion: found PDF version <1
.5>, but at most version <1.4> allowed
<visi.pdf, id=66, 514.72299pt x 386.24298pt>
File: visi.pdf Graphic file (type pdf)
 <use visi.pdf> [4 <./imagen1.pdf> <./imagen2.pdf> <./RBF.pdf>]

pdfTeX warning: pdflatex (file ./salidaRBF.pdf): PDF inclusion: found PDF versi
on <1.5>, but at most version <1.4> allowed
<salidaRBF.pdf, id=93, 913.01097pt x 517.935pt>
File: salidaRBF.pdf Graphic file (type pdf)
 <use salidaRBF.pdf>

pdfTeX warning: pdflatex (file ./salidaNAR.pdf): PDF inclusion: found PDF versi
on <1.5>, but at most version <1.4> allowed
<salidaNAR.pdf, id=95, 594.22pt x 457.71pt>
File: salidaNAR.pdf Graphic file (type pdf)
 <use salidaNAR.pdf>
Underfull \hbox (badness 2717) in paragraph at lines 714--729
[]\OT1/ptm/m/n/10 Como ya se men-ciono an-te-ri-or-mente uti-lizamos los
 []

Missing character: There is no Ã in font ptmr7t!
Missing character: There is no ± in font ptmr7t!
Missing character: There is no Ã in font ptmr7t!
Missing character: There is no ± in font ptmr7t!

Underfull \hbox (badness 4144) in paragraph at lines 788--790
[]\OT1/ptm/m/n/8 Jacky Baltes and John An-der-son \OT1/ptm/m/it/8 In-tel-li-gen
t Global Vi-sion for
 []


Underfull \hbox (badness 10000) in paragraph at lines 788--790
\OT1/ptm/m/it/8 Sascha Kol-ski (Ed.), ISBN: 3-86611-283-1, In-Tech,Available
 []


Underfull \hbox (badness 10000) in paragraph at lines 788--790
\OT1/ptm/m/it/8 from: http://www.intechopen.com/books/mobile-robots-perception-

 []


Underfull \hbox (badness 1789) in paragraph at lines 788--790
\OT1/ptm/m/it/8 navigation/intelligent-global-vision-for-teams-of-mobile-robots
\OT1/ptm/m/n/8 , 1st ed.
 []

[5 <./eq1.pdf> <./eq2.pdf> <./visi.pdf> <./salidaRBF.pdf> <./salidaNAR.pdf>]
Missing character: There is no â in font ptmr7t!
Missing character: There is no € in font ptmr7t!
Missing character: There is no “ in font ptmr7t!
Missing character: There is no Ã in font ptmr7t!
Missing character: There is no “ in font ptmr7t!
Missing character: There is no Ã in font ptmr7t!
Missing character: There is no ‡ in font ptmr7t!
Missing character: There is no Ã in font ptmr7t!
Missing character: There is no ƒ in font ptmr7t!

Underfull \hbox (badness 10000) in paragraph at lines 803--804
[]\OT1/ptm/m/n/8 Manu Chhabra, Anusheel Na-har, Nis-hant Agrawal, Tamhant
 []

Missing character: There is no Ã in font ptmr7t!
Missing character: There is no ¶ in font ptmr7t!
Missing character: There is no â in font ptmr7t!
Missing character: There is no € in font ptmr7t!
Missing character: There is no “ in font ptmr7t!
Missing character: There is no Ã in font ptmr7t!
Missing character: There is no ³ in font ptmr7t!
Missing character: There is no Ã in font ptmri7t!
Missing character: There is no ¡ in font ptmri7t!
Missing character: There is no Ã in font ptmri7t!
Missing character: There is no ³ in font ptmri7t!
Missing character: There is no Ã in font ptmri7t!
Missing character: There is no º in font ptmri7t!
Missing character: There is no Ã in font ptmri7t!
Missing character: There is no © in font ptmri7t!

** Conference Paper **
Before submitting the final camera ready copy, remember to:

 1. Manually equalize the lengths of two columns on the last page
 of your paper;

 2. Ensure that any PostScript and/or PDF output post-processing
 uses only Type 1 fonts and that every step in the generation
 process uses the appropriate paper size.

[6

] (./lepaper.aux)

LaTeX Warning: There were undefined references.

 ) 
Here is how much of TeX's memory you used:
 1693 strings out of 495061
 25892 string characters out of 1182621
 88744 words of memory out of 3000000
 4894 multiletter control sequences out of 15000+50000
 38169 words of font info for 71 fonts, out of 3000000 for 9000
 31 hyphenation exceptions out of 8191
 26i,6n,21p,1714b,223s stack positions out of 5000i,500n,10000p,200000b,50000s
{/usr/share/texmf-texlive/fonts/enc/dvips/base/8r.enc}</usr/share/texmf-texli
ve/fonts/type1/public/amsfonts/cm/cmex10.pfb></usr/share/texmf-texlive/fonts/ty
pe1/public/amsfonts/cm/cmmi10.pfb></usr/share/texmf-texlive/fonts/type1/public/
amsfonts/cm/cmmi6.pfb></usr/share/texmf-texlive/fonts/type1/public/amsfonts/cm/
cmmi7.pfb></usr/share/texmf-texlive/fonts/type1/public/amsfonts/cm/cmmi8.pfb></
usr/share/texmf-texlive/fonts/type1/public/amsfonts/cm/cmr10.pfb></usr/share/te
xmf-texlive/fonts/type1/public/amsfonts/cm/cmr7.pfb></usr/share/texmf-texlive/f
onts/type1/public/amsfonts/cm/cmsy10.pfb></usr/share/texmf-texlive/fonts/type1/
urw/times/utmb8a.pfb></usr/share/texmf-texlive/fonts/type1/urw/times/utmbi8a.pf
b></usr/share/texmf-texlive/fonts/type1/urw/times/utmr8a.pfb></usr/share/texmf-
texlive/fonts/type1/urw/times/utmri8a.pfb>
Output written on lepaper.pdf (6 pages, 797197 bytes).
PDF statistics:
 158 PDF objects out of 1000 (max. 8388607)
 0 named destinations out of 1000 (max. 500000)
 61 words of extra memory for PDF output out of 10000 (max. 10000000)

