This is pdfTeX, Version 3.1415926-1.40.10 (TeX Live 2009/Debian) (format=pdflatex 2013.11.3)  20 MAR 2014 15:51
entering extended mode
 %&-line parsing enabled.
**lepaper.tex
(./lepaper.tex
LaTeX2e <2009/09/24>
Babel <v3.8l> and hyphenation patterns for english, usenglishmax, dumylang, noh
yphenation, loaded.
(./IEEEtran.cls
Document Class: IEEEtran 2012/11/21 V1.8c by Harald Hanche-Olsen and Anders Chr
istensen
-- Based on V1.7a by Michael Shell
-- See the "IEEEtran_HOWTO" manual for usage information.
-- http://www.michaelshell.org/tex/ieeetran/
\@IEEEtrantmpdimenA=\dimen102
\@IEEEtrantmpdimenB=\dimen103
\@IEEEtrantmpcountA=\count79
\@IEEEtrantmpcountB=\count80
\@IEEEtrantmptoksA=\toks14
LaTeX Font Info:    Try loading font information for OT1+ptm on input line 373.

(/usr/share/texmf-texlive/tex/latex/psnfss/ot1ptm.fd
File: ot1ptm.fd 2001/06/04 font definitions for OT1/ptm.
)
-- Using 8.5in x 11in (letter) paper.
-- Using PDF output.
\@IEEEnormalsizeunitybaselineskip=\dimen104
-- This is a 10 point document.
\CLASSINFOnormalsizebaselineskip=\dimen105
\CLASSINFOnormalsizeunitybaselineskip=\dimen106
\IEEEnormaljot=\dimen107
LaTeX Font Info:    Font shape `OT1/ptm/bx/n' in size <5> not available
(Font)              Font shape `OT1/ptm/b/n' tried instead on input line 731.
LaTeX Font Info:    Font shape `OT1/ptm/bx/it' in size <5> not available
(Font)              Font shape `OT1/ptm/b/it' tried instead on input line 731.
LaTeX Font Info:    Font shape `OT1/ptm/bx/n' in size <7> not available
(Font)              Font shape `OT1/ptm/b/n' tried instead on input line 731.
LaTeX Font Info:    Font shape `OT1/ptm/bx/it' in size <7> not available
(Font)              Font shape `OT1/ptm/b/it' tried instead on input line 731.
LaTeX Font Info:    Font shape `OT1/ptm/bx/n' in size <8> not available
(Font)              Font shape `OT1/ptm/b/n' tried instead on input line 731.
LaTeX Font Info:    Font shape `OT1/ptm/bx/it' in size <8> not available
(Font)              Font shape `OT1/ptm/b/it' tried instead on input line 731.
LaTeX Font Info:    Font shape `OT1/ptm/bx/n' in size <9> not available
(Font)              Font shape `OT1/ptm/b/n' tried instead on input line 731.
LaTeX Font Info:    Font shape `OT1/ptm/bx/it' in size <9> not available
(Font)              Font shape `OT1/ptm/b/it' tried instead on input line 731.
LaTeX Font Info:    Font shape `OT1/ptm/bx/n' in size <10> not available
(Font)              Font shape `OT1/ptm/b/n' tried instead on input line 731.
LaTeX Font Info:    Font shape `OT1/ptm/bx/it' in size <10> not available
(Font)              Font shape `OT1/ptm/b/it' tried instead on input line 731.
LaTeX Font Info:    Font shape `OT1/ptm/bx/n' in size <11> not available
(Font)              Font shape `OT1/ptm/b/n' tried instead on input line 731.
LaTeX Font Info:    Font shape `OT1/ptm/bx/it' in size <11> not available
(Font)              Font shape `OT1/ptm/b/it' tried instead on input line 731.
LaTeX Font Info:    Font shape `OT1/ptm/bx/n' in size <12> not available
(Font)              Font shape `OT1/ptm/b/n' tried instead on input line 731.
LaTeX Font Info:    Font shape `OT1/ptm/bx/it' in size <12> not available
(Font)              Font shape `OT1/ptm/b/it' tried instead on input line 731.
LaTeX Font Info:    Font shape `OT1/ptm/bx/n' in size <17> not available
(Font)              Font shape `OT1/ptm/b/n' tried instead on input line 731.
LaTeX Font Info:    Font shape `OT1/ptm/bx/it' in size <17> not available
(Font)              Font shape `OT1/ptm/b/it' tried instead on input line 731.
LaTeX Font Info:    Font shape `OT1/ptm/bx/n' in size <20> not available
(Font)              Font shape `OT1/ptm/b/n' tried instead on input line 731.
LaTeX Font Info:    Font shape `OT1/ptm/bx/it' in size <20> not available
(Font)              Font shape `OT1/ptm/b/it' tried instead on input line 731.
LaTeX Font Info:    Font shape `OT1/ptm/bx/n' in size <24> not available
(Font)              Font shape `OT1/ptm/b/n' tried instead on input line 731.
LaTeX Font Info:    Font shape `OT1/ptm/bx/it' in size <24> not available
(Font)              Font shape `OT1/ptm/b/it' tried instead on input line 731.
\IEEEilabelindentA=\dimen108
\IEEEilabelindentB=\dimen109
\IEEEilabelindent=\dimen110
\IEEEelabelindent=\dimen111
\IEEEdlabelindent=\dimen112
\IEEElabelindent=\dimen113
\IEEEiednormlabelsep=\dimen114
\IEEEiedmathlabelsep=\dimen115
\IEEEiedtopsep=\skip41
\c@section=\count81
\c@subsection=\count82
\c@subsubsection=\count83
\c@paragraph=\count84
\c@IEEEsubequation=\count85
\abovecaptionskip=\skip42
\belowcaptionskip=\skip43
\c@figure=\count86
\c@table=\count87
\@IEEEeqnnumcols=\count88
\@IEEEeqncolcnt=\count89
\@IEEEtmpitemindent=\dimen116
\c@IEEEbiography=\count90
\@IEEEtranrubishbin=\box26
) (/usr/share/texmf-texlive/tex/latex/graphics/graphicx.sty
Package: graphicx 1999/02/16 v1.0f Enhanced LaTeX Graphics (DPC,SPQR)

(/usr/share/texmf-texlive/tex/latex/graphics/keyval.sty
Package: keyval 1999/03/16 v1.13 key=value parser (DPC)
\KV@toks@=\toks15
)
(/usr/share/texmf-texlive/tex/latex/graphics/graphics.sty
Package: graphics 2009/02/05 v1.0o Standard LaTeX Graphics (DPC,SPQR)

(/usr/share/texmf-texlive/tex/latex/graphics/trig.sty
Package: trig 1999/03/16 v1.09 sin cos tan (DPC)
)
(/etc/texmf/tex/latex/config/graphics.cfg
File: graphics.cfg 2009/08/28 v1.8 graphics configuration of TeX Live
)
Package graphics Info: Driver file: pdftex.def on input line 91.

(/usr/share/texmf-texlive/tex/latex/pdftex-def/pdftex.def
File: pdftex.def 2010/03/12 v0.04p Graphics/color for pdfTeX
\Gread@gobject=\count91
))
\Gin@req@height=\dimen117
\Gin@req@width=\dimen118
) (./lepaper.aux

LaTeX Warning: Label `fig_mar' multiply defined.


LaTeX Warning: Label `fig_mar' multiply defined.

)
\openout1 = `lepaper.aux'.

LaTeX Font Info:    Checking defaults for OML/cmm/m/it on input line 351.
LaTeX Font Info:    ... okay on input line 351.
LaTeX Font Info:    Checking defaults for T1/cmr/m/n on input line 351.
LaTeX Font Info:    ... okay on input line 351.
LaTeX Font Info:    Checking defaults for OT1/cmr/m/n on input line 351.
LaTeX Font Info:    ... okay on input line 351.
LaTeX Font Info:    Checking defaults for OMS/cmsy/m/n on input line 351.
LaTeX Font Info:    ... okay on input line 351.
LaTeX Font Info:    Checking defaults for OMX/cmex/m/n on input line 351.
LaTeX Font Info:    ... okay on input line 351.
LaTeX Font Info:    Checking defaults for U/cmr/m/n on input line 351.
LaTeX Font Info:    ... okay on input line 351.
 (/usr/share/texmf-texlive/tex/context/base/supp-pdf.mkii
[Loading MPS to PDF converter (version 2006.09.02).]
\scratchcounter=\count92
\scratchdimen=\dimen119
\scratchbox=\box27
\nofMPsegments=\count93
\nofMParguments=\count94
\everyMPshowfont=\toks16
\MPscratchCnt=\count95
\MPscratchDim=\dimen120
\MPnumerator=\count96
\everyMPtoPDFconversion=\toks17
)
Underfull \hbox (badness 1902) in paragraph at lines 447--452
\OT1/ptm/m/n/10 de tra-bajo, ser[]^^Pa mejor lla-mada es-pa-cio in-teligente. U
n
 []


Underfull \hbox (badness 10000) in paragraph at lines 447--452

 []

LaTeX Font Info:    External font `cmex10' loaded for size
(Font)              <7> on input line 467.
LaTeX Font Info:    External font `cmex10' loaded for size
(Font)              <5> on input line 467.

Underfull \hbox (badness 2189) in paragraph at lines 481--485
\OT1/ptm/m/n/10 ve-ces c[]amaras de de-ter-mi-nado est[]andar de dis-pos-i-tivo
s.
 []


Underfull \hbox (badness 4872) in paragraph at lines 481--485
\OT1/ptm/m/n/10 per-mite es-table-cer par[]ametros intr[]^^Pnsecos y extr[]^^Pn
secos
 []


Underfull \hbox (badness 1430) in paragraph at lines 481--485
\OT1/ptm/m/n/10 (in-ter-nos y ex-ter-nos) para que el fun-cionamiento de la
 []


Underfull \hbox (badness 1997) in paragraph at lines 481--485
\OT1/ptm/m/n/10 de-seado. Por ejem-plo el sis-tema RoboRoos el cual es
 []


Underfull \hbox (badness 10000) in paragraph at lines 481--485

 []

[1{/var/lib/texmf/fonts/map/pdftex/updmap/pdftex.map}


]
Underfull \hbox (badness 10000) in paragraph at lines 489--490

 []


Underfull \hbox (badness 4634) in paragraph at lines 491--496
\OT1/ptm/m/n/10 (Color-Based Mul-ti-ple Agent Track-ing), este al-go-ritmo
 []


Underfull \hbox (badness 4713) in paragraph at lines 491--496
\OT1/ptm/m/n/10 seguimiento.Por ejem-plo las ca-ma-ras Firewire, basadas
 []


Underfull \hbox (badness 2376) in paragraph at lines 491--496
\OT1/ptm/m/n/10 varias c[]amaras, un prob-lema vi-tal para el en-foque de
 []


Underfull \hbox (badness 1755) in paragraph at lines 491--496
\OT1/ptm/m/n/10 de iden-ti-fi-caci[]on del robot les po-nen unas mar-cas con
 []


Underfull \hbox (badness 1742) in paragraph at lines 491--496
\OT1/ptm/m/n/10 y otro es basado en for-mas ge-o-met-ri-cas . Tienen dos
 []


Underfull \hbox (badness 10000) in paragraph at lines 491--496

 []

[2]

pdfTeX warning: pdflatex (file ./imagen3.pdf): PDF inclusion: found PDF version
 <1.5>, but at most version <1.4> allowed
<imagen3.pdf, id=15, 449.68pt x 144.54pt>
File: imagen3.pdf Graphic file (type pdf)
 <use imagen3.pdf>
Underfull \hbox (badness 2080) in paragraph at lines 590--599
\OT1/ptm/m/n/10 La defini-cion de robot-ica es la cien-cia de es-tu-dio de
 []


Underfull \hbox (badness 4699) in paragraph at lines 590--599
\OT1/ptm/m/n/10 la conexi[]on in-teligente en-tre la per-cep-cion y ac-cion.
 []


Underfull \vbox (badness 10000) has occurred while \output is active []



pdfTeX warning: pdflatex (file ./imagen4.pdf): PDF inclusion: found PDF version
 <1.5>, but at most version <1.4> allowed
<imagen4.pdf, id=17, 597.50786pt x 260.975pt>
File: imagen4.pdf Graphic file (type pdf)
 <use imagen4.pdf>
Underfull \hbox (badness 2478) in paragraph at lines 602--612
 \OT1/ptm/m/n/10 Donde $\OML/cmm/m/it/10 x[]; x[]; x[]; :::; x[]$ \OT1/ptm/m/n/
10 son las en-tradas para la red
 []

[3 <./imagen3.pdf>]

pdfTeX warning: pdflatex (file ./imagen5.pdf): PDF inclusion: found PDF version
 <1.5>, but at most version <1.4> allowed
<imagen5.pdf, id=31, 702.625pt x 68.255pt>
File: imagen5.pdf Graphic file (type pdf)
 <use imagen5.pdf>

pdfTeX warning: pdflatex (file ./imagen1.pdf): PDF inclusion: found PDF version
 <1.5>, but at most version <1.4> allowed
<imagen1.pdf, id=33, 385.44pt x 385.44pt>
File: imagen1.pdf Graphic file (type pdf)
 <use imagen1.pdf>

pdfTeX warning: pdflatex (file ./imagen2.pdf): PDF inclusion: found PDF version
 <1.5>, but at most version <1.4> allowed
<imagen2.pdf, id=35, 385.44pt x 385.44pt>
File: imagen2.pdf Graphic file (type pdf)
 <use imagen2.pdf> [4 <./imagen4.pdf> <./imagen5.pdf> <./imagen1.pdf>]
Missing character: There is no Ã in font ptmr7t!
Missing character: There is no ± in font ptmr7t!

Underfull \hbox (badness 4144) in paragraph at lines 729--731
[]\OT1/ptm/m/n/8 Jacky Baltes and John An-der-son \OT1/ptm/m/it/8 In-tel-li-gen
t Global Vi-sion for
 []


Underfull \hbox (badness 10000) in paragraph at lines 729--731
\OT1/ptm/m/it/8 Sascha Kol-ski (Ed.), ISBN: 3-86611-283-1, In-Tech,Available
 []


Underfull \hbox (badness 10000) in paragraph at lines 729--731
\OT1/ptm/m/it/8 from: http://www.intechopen.com/books/mobile-robots-perception-

 []


Underfull \hbox (badness 1789) in paragraph at lines 729--731
\OT1/ptm/m/it/8 navigation/intelligent-global-vision-for-teams-of-mobile-robots
\OT1/ptm/m/n/8 , 1st ed.
 []

Missing character: There is no â in font ptmr7t!
Missing character: There is no € in font ptmr7t!
Missing character: There is no “ in font ptmr7t!
Missing character: There is no Ã in font ptmr7t!
Missing character: There is no “ in font ptmr7t!
Missing character: There is no Ã in font ptmr7t!
Missing character: There is no ‡ in font ptmr7t!
Missing character: There is no Ã in font ptmr7t!
Missing character: There is no ƒ in font ptmr7t!

Underfull \hbox (badness 10000) in paragraph at lines 744--745
[]\OT1/ptm/m/n/8 Manu Chhabra, Anusheel Na-har, Nis-hant Agrawal, Tamhant
 []

Missing character: There is no Ã in font ptmr7t!
Missing character: There is no ¶ in font ptmr7t!
Missing character: There is no â in font ptmr7t!
Missing character: There is no € in font ptmr7t!
Missing character: There is no “ in font ptmr7t!
Missing character: There is no â in font ptmr7t!
Missing character: There is no € in font ptmr7t!
Missing character: There is no “ in font ptmr7t!
Missing character: There is no â in font ptmr7t!
Missing character: There is no € in font ptmr7t!
Missing character: There is no “ in font ptmr7t!
Missing character: There is no â in font ptmr7t!
Missing character: There is no € in font ptmr7t!
Missing character: There is no “ in font ptmr7t!

Underfull \hbox (badness 4168) in paragraph at lines 799--800
[]\OT1/ptm/m/n/8 Tzevanidis, K., & Ar-gy-ros, A. (2011). \OT1/ptm/m/it/8 Un-su-
per-vised learn-ing
 []


Underfull \hbox (badness 10000) in paragraph at lines 799--800
\OT1/ptm/m/it/8 of back-ground mod-el-ing pa-ram-e-ters in mul-ti-cam-era sys-t
ems\OT1/ptm/m/n/8 .
 []


Underfull \hbox (badness 10000) in paragraph at lines 799--800
\OT1/ptm/m/n/8 Com-puter Vi-sion and Im-age Un-der-stand-ing, 115(1), 105116.
 []

Missing character: There is no Ã in font ptmr7t!
Missing character: There is no ³ in font ptmr7t!
Missing character: There is no Ã in font ptmri7t!
Missing character: There is no ¡ in font ptmri7t!
Missing character: There is no Ã in font ptmri7t!
Missing character: There is no ³ in font ptmri7t!
Missing character: There is no Ã in font ptmri7t!
Missing character: There is no º in font ptmri7t!
Missing character: There is no Ã in font ptmri7t!
Missing character: There is no © in font ptmri7t!

** Conference Paper **
Before submitting the final camera ready copy, remember to:

 1. Manually equalize the lengths of two columns on the last page
 of your paper;

 2. Ensure that any PostScript and/or PDF output post-processing
 uses only Type 1 fonts and that every step in the generation
 process uses the appropriate paper size.

[5 <./imagen2.pdf>] (./lepaper.aux)

LaTeX Warning: There were multiply-defined labels.

 ) 
Here is how much of TeX's memory you used:
 1639 strings out of 495061
 25252 string characters out of 1182621
 91728 words of memory out of 3000000
 4854 multiletter control sequences out of 15000+50000
 35239 words of font info for 64 fonts, out of 3000000 for 9000
 31 hyphenation exceptions out of 8191
 26i,6n,21p,1714b,193s stack positions out of 5000i,500n,10000p,200000b,50000s
{/usr/share/texmf-texlive/fonts/enc/dvips/base/8r.enc}</usr/share/texmf-texli
ve/fonts/type1/public/amsfonts/cm/cmex10.pfb></usr/share/texmf-texlive/fonts/ty
pe1/public/amsfonts/cm/cmmi10.pfb></usr/share/texmf-texlive/fonts/type1/public/
amsfonts/cm/cmmi7.pfb></usr/share/texmf-texlive/fonts/type1/public/amsfonts/cm/
cmr10.pfb></usr/share/texmf-texlive/fonts/type1/public/amsfonts/cm/cmr7.pfb></u
sr/share/texmf-texlive/fonts/type1/public/amsfonts/cm/cmsy10.pfb></usr/share/te
xmf-texlive/fonts/type1/urw/times/utmb8a.pfb></usr/share/texmf-texlive/fonts/ty
pe1/urw/times/utmbi8a.pfb></usr/share/texmf-texlive/fonts/type1/urw/times/utmr8
a.pfb></usr/share/texmf-texlive/fonts/type1/urw/times/utmri8a.pfb>
Output written on lepaper.pdf (5 pages, 219188 bytes).
PDF statistics:
 107 PDF objects out of 1000 (max. 8388607)
 0 named destinations out of 1000 (max. 500000)
 26 words of extra memory for PDF output out of 10000 (max. 10000000)

